<?xml version="1.0" encoding="UTF-8"?>
<!-- Generated by org.testng.reporters.JUnitXMLReporter -->
<testsuite hostname="DEV_TEST_JOYDIP" ignored="0" name="Default test" tests="7" failures="0" timestamp="11 Jan 2019 09:19:10 GMT" time="0.078" errors="0">
  <testcase name="accessAdminPage" time="0.004" classname="Test_Project.Testproject.TestNGGroupExample"/>
  <testcase name="accessHomePage" time="0.002" classname="Test_Project.Testproject.TestNGGroupExample"/>
  <testcase name="openConfirmationDialog" time="0.001" classname="Test_Project.Testproject.TestNGGroupExample"/>
  <testcase name="openFileDialog" time="0.004" classname="Test_Project.Testproject.TestNGGroupExample"/>
  <testcase name="testDelete" time="0.002" classname="Test_Project.Testproject.TestNGGroupExample"/>
  <testcase name="testInsert" time="0.003" classname="Test_Project.Testproject.TestNGGroupExample"/>
  <testcase name="testUpdate" time="0.002" classname="Test_Project.Testproject.TestNGGroupExample"/>
</testsuite> <!-- Default test -->
