<?xml version="1.0" encoding="UTF-8"?>
<!-- Generated by org.testng.reporters.JUnitXMLReporter -->
<testsuite hostname="DEV_TEST_JOYDIP" ignored="0" name="Test" tests="3" failures="0" timestamp="11 Jan 2019 09:30:00 GMT" time="0.056" errors="0">
  <testcase name="f" time="0.007" classname="Test_Project.Testproject.NewTest"/>
  <testcase name="f1" time="0.003" classname="Test_Project.Testproject.NewTest"/>
  <testcase name="f2" time="0.004" classname="Test_Project.Testproject.NewTest"/>
</testsuite> <!-- Test -->
