<?xml version="1.0" encoding="UTF-8"?>
<testng-results skipped="0" failed="0" ignored="0" total="1" passed="1">
  <reporter-output>
  </reporter-output>
  <suite name="Suite" duration-ms="12315" started-at="2018-12-20T09:08:19Z" finished-at="2018-12-20T09:08:31Z">
    <groups>
    </groups>
    <test name="Test" duration-ms="12315" started-at="2018-12-20T09:08:19Z" finished-at="2018-12-20T09:08:31Z">
      <class name="Test_Project.Testproject.Testpack">
        <test-method status="PASS" signature="test1()[pri:0, instance:Test_Project.Testproject.Testpack@6d4b1c02]" name="test1" duration-ms="12283" started-at="2018-12-20T09:08:19Z" finished-at="2018-12-20T09:08:31Z">
          <reporter-output>
          </reporter-output>
        </test-method> <!-- test1 -->
      </class> <!-- Test_Project.Testproject.Testpack -->
    </test> <!-- Test -->
  </suite> <!-- Suite -->
</testng-results>
